<?xml version="1.0" encoding="UTF-8"?>
<!-- Generated by org.testng.reporters.JUnitReportReporter -->
<testsuite hostname="Harshini" failures="0" tests="1" name="com.training.annotation.Test2" time="0.013" errors="0" timestamp="2023-03-16T18:54:16 EDT" skipped="0">
  <testcase classname="com.training.annotation.Test2" name="login" time="0.013"/>
  <system-out/>
</testsuite> <!-- com.training.annotation.Test2 -->
