<?xml version="1.0" encoding="UTF-8"?>
<!-- Generated by org.testng.reporters.JUnitReportReporter -->
<testsuite hostname="Harshini" failures="0" tests="2" name="com.training.annotation.Test1" time="0.005" errors="0" timestamp="2023-03-16T16:00:10 EDT" skipped="0">
  <testcase classname="com.training.annotation.Test1" name="Account" time="0.004"/>
  <system-out/>
  <testcase classname="com.training.annotation.Test1" name="login" time="0.001"/>
  <system-out/>
</testsuite> <!-- com.training.annotation.Test1 -->
